make all --print-data-base --no-builtin-variables --no-builtin-rules --question
# GNU Make 3.81
# Copyright (C) 2006  Free Software Foundation, Inc.
# This is free software; see the source for copying conditions.
# There is NO warranty; not even for MERCHANTABILITY or FITNESS FOR A
# PARTICULAR PURPOSE.

# This program built for i386-apple-darwin11.3.0

# Make data base, printed on Thu Aug 11 13:23:52 2022

# Variables

# automatic
<D = $(patsubst %/,%,$(dir $<))
# automatic
?F = $(notdir $?)
# environment
ELECTRON_NO_ATTACH_CONSOLE = 1
# environment
_VIRTUALENVWRAPPER_API =  mkvirtualenv rmvirtualenv lsvirtualenv showvirtualenv workon add2virtualenv cdsitepackages cdvirtualenv lssitepackages toggleglobalsitepackages cpvirtualenv setvirtualenvproject mkproject cdproject mktmpenv wipeenv allvirtualenv
# automatic
?D = $(patsubst %/,%,$(dir $?))
# automatic
@D = $(patsubst %/,%,$(dir $@))
# automatic
@F = $(notdir $@)
# makefile
CURDIR := /Users/scheuk/src/terraform/terraform-google-sdwan
# makefile (from `Makefile', line 19)
SHELL := /usr/bin/env bash
# environment
VSCODE_NLS_CONFIG = {"locale":"en-us","availableLanguages":{},"_languagePackSupport":true}
# environment
_ = /usr/bin/make
# environment
GITHUB_TOKEN = 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
# makefile (from `Makefile', line 1)
MAKEFILE_LIST :=  Makefile
# environment
VSCODE_AMD_ENTRYPOINT = vs/workbench/api/node/extensionHostProcess
# environment
__CFBundleIdentifier = com.microsoft.VSCode
# environment
VSCODE_CWD = /Users/scheuk/src/terraform/terraform-google-sdwan
# environment
GOPROXY = https://proxy.golang.org,direct
# environment
PATH = /Users/scheuk/Library/Application Support/cloud-code/installer/google-cloud-sdk/bin:/Users/scheuk/.rd/bin:/Users/scheuk/go/bin:/usr/local/opt/node@14/bin:/Users/scheuk/.sdkman/candidates/java/current/bin:/usr/local/opt/ncurses/bin:/Users/scheuk/.asdf/shims:/usr/local/opt/asdf/libexec/bin:/usr/local/Cellar/pyenv-virtualenv/1.1.5/shims:/Users/scheuk/.pyenv/shims:/usr/local/bin:/usr/bin:/bin:/usr/sbin:/sbin:/Applications/Wireshark.app/Contents/MacOS:/Users/scheuk/.krew/bin:/Users/scheuk/google-cloud-sdk/bin
# makefile (from `Makefile', line 23)
REGISTRY_URL := gcr.io/cloud-foundation-cicd
# environment
LSCOLORS = Gxfxcxdxbxegedabagacad
# environment
SDKMAN_DIR = /Users/scheuk/.sdkman
# environment
SDKMAN_CANDIDATES_API = https://api.sdkman.io/2
# environment
GOPATH = /Users/scheuk/go
# environment
SDKMAN_PLATFORM = darwinx64
# environment
ELECTRON_RUN_AS_NODE = 1
# environment
PYENV_ROOT = /Users/scheuk/.pyenv
# default
.FEATURES := target-specific order-only second-expansion else-if archives jobserver check-symlink
# environment
CLOUDSDK_METRICS_ENVIRONMENT = cloudcode.vscode
# environment
SSH_AUTH_SOCK = /private/tmp/com.apple.launchd.rvudiMj5XD/Listeners
# automatic
%F = $(notdir $%)
# environment
CLOUDSDK_METRICS_ENVIRONMENT_VERSION = 1.20.1
# environment
AUTH_GITHUB_CLIENT_ID = 42c32d406f6bfb220c33
# environment
PWD = /Users/scheuk/src/terraform/terraform-google-sdwan
# environment
AUTH_GOOGLE_CLIENT_ID = 478436511354-78fatfcgomb7110ru6qntu9tbtlcm9lg.apps.googleusercontent.com
# environment
ORIGINAL_XDG_CURRENT_DESKTOP = undefined
# environment
GOMODCACHE = /Users/scheuk/go/pkg/mod
# environment
PYENV_SHELL = zsh
# environment
HOME = /Users/scheuk
# default
MAKEFILEPATH = $(shell /usr/bin/xcode-select -print-path 2>/dev/null || echo /Developer)/Makefiles
# environment
VSCODE_CLI = 1
# environment
VSCODE_CODE_CACHE_PATH = /Users/scheuk/Library/Application Support/Code/CachedData/6d9b74a70ca9c7733b29f0456fd8195364076dda
# environment
LOGNAME = scheuk
# environment
APPLICATION_INSIGHTS_NO_DIAGNOSTIC_CHANNEL = 1
# environment
ZSH = /Users/scheuk/.oh-my-zsh
# environment
SDKMAN_VERSION = 5.11.5+713
# environment
VSCODE_HANDLES_UNCAUGHT_ERRORS = true
# automatic
^D = $(patsubst %/,%,$(dir $^))
# environment
XPC_FLAGS = 0x0
# environment
AUTH_GITHUB_CLIENT_SECRET = 55f99e8f0fbb8361e7e7f0090ec69c4559578361
# environment
COLORTERM = truecolor
# default
MAKE = $(MAKE_COMMAND)
# environment
LC_TERMINAL = iTerm2
# environment
SHLVL = 3
# environment
AUTH_GOOGLE_CLIENT_SECRET = Op1-Df0loGrVR6sWi4RLFn56
# environment
JAVA_HOME = /Users/scheuk/.sdkman/candidates/java/current
# default
MAKE_VERSION := 3.81
# environment
USER = scheuk
# makefile
.DEFAULT_GOAL := docker_run
# default
MAKECMDGOALS := all
# environment
TERM_SESSION_ID = w0t0p0:AC417DE5-46F3-4359-BF4A-DF6827631342
# environment
LESS = -R
# automatic
%D = $(patsubst %/,%,$(dir $%))
# makefile (from `Makefile', line 21)
DOCKER_TAG_VERSION_DEVELOPER_TOOLS := 1
# default
MAKE_COMMAND := /Library/Developer/CommandLineTools/usr/bin/make
# environment
TERM_PROGRAM = iTerm.app
# default
.VARIABLES := 
# environment
TMPDIR = /var/folders/9_/hf0_m_516cz82d5wfy0ywfg40000gn/T/
# automatic
*F = $(notdir $*)
# environment
VSCODE_IPC_HOOK = /Users/scheuk/Library/Application Support/Code/1.70.1-main.sock
# environment
MallocNanoZone = 0
# makefile
MAKEFLAGS = Rrqp
# environment
MFLAGS = -Rrqp
# automatic
*D = $(patsubst %/,%,$(dir $*))
# environment
TERM_PROGRAM_VERSION = 3.4.16
# environment
XPC_SERVICE_NAME = application.com.microsoft.VSCode.74628040.74628046.7778E95F-FC49-48DE-B2BD-AA4A83C3BCE4
# environment
LC_TERMINAL_VERSION = 3.4.16
# automatic
+D = $(patsubst %/,%,$(dir $+))
# automatic
+F = $(notdir $+)
# environment
ITERM_SESSION_ID = w0t0p0:AC417DE5-46F3-4359-BF4A-DF6827631342
# environment
COLORFGBG = 7;0
# environment
__CF_USER_TEXT_ENCODING = 0x1F5:0x0:0x0
# environment
COMMAND_MODE = unix2003
# default
MAKEFILES := 
# automatic
<F = $(notdir $<)
# environment
ITERM_PROFILE = Default
# environment
VIRTUALENVWRAPPER_SCRIPT = /usr/local/bin/virtualenvwrapper.sh
# makefile (from `Makefile', line 22)
DOCKER_IMAGE_DEVELOPER_TOOLS := cft/developer-tools
# environment
SDKMAN_CANDIDATES_DIR = /Users/scheuk/.sdkman/candidates
# environment
CLOUDSDK_HOME = /usr/local/Caskroom/google-cloud-sdk/latest/google-cloud-sdk
# environment
PAGER = less
# environment
LC_ALL = C
# automatic
^F = $(notdir $^)
# default
SUFFIXES := 
# environment
ASDF_DIR = /usr/local/opt/asdf/libexec
# environment
USE_GKE_GCLOUD_AUTH_PLUGIN = True
# environment
PYENV_VIRTUALENV_INIT = 1
# default
.INCLUDE_DIRS = /usr/local/include
# environment
MAKELEVEL := 0
# environment
LANG = C
# environment
TERM = xterm-256color
# environment
VSCODE_PID = 37411
# variable set hash-table stats:
# Load=101/1024=10%, Rehash=0, Collisions=6/126=5%

# Pattern-specific Variable Values

# No pattern-specific variable values.

# Directories

# . (device 16777222, inode 76160969): 19 files, no impossibilities.

# 19 files, no impossibilities in 1 directories.

# Implicit Rules

# No implicit rules.

# Files

docker_test_integration:
#  Phony target (prerequisite of .PHONY).
#  Implicit rule search has not been done.
#  File does not exist.
#  File has not been updated.
#  commands to execute (from `Makefile', line 61):
	docker run --rm -it \
	-e SERVICE_ACCOUNT_JSON \
	-v "$(CURDIR)":/workspace \
	$(REGISTRY_URL)/${DOCKER_IMAGE_DEVELOPER_TOOLS}:${DOCKER_TAG_VERSION_DEVELOPER_TOOLS} \
	/usr/local/bin/test_integration.sh
	

# Not a target:
all:
#  Command-line target.
#  Implicit rule search has been done.
#  File does not exist.
#  File has not been updated.
# variable set hash-table stats:
# Load=0/32=0%, Rehash=0, Collisions=0/0=0%

.PHONY: docker_run docker_test_prepare docker_test_cleanup docker_test_integration docker_test_lint docker_generate_docs generate_docs
#  Implicit rule search has not been done.
#  Modification time never checked.
#  File has not been updated.

docker_test_lint:
#  Phony target (prerequisite of .PHONY).
#  Implicit rule search has not been done.
#  File does not exist.
#  File has not been updated.
#  commands to execute (from `Makefile', line 70):
	docker run --rm -it \
	-e EXCLUDE_LINT_DIRS \
	-v "$(CURDIR)":/workspace \
	$(REGISTRY_URL)/${DOCKER_IMAGE_DEVELOPER_TOOLS}:${DOCKER_TAG_VERSION_DEVELOPER_TOOLS} \
	/usr/local/bin/test_lint.sh
	

docker_generate_docs:
#  Phony target (prerequisite of .PHONY).
#  Implicit rule search has not been done.
#  File does not exist.
#  File has not been updated.
#  commands to execute (from `Makefile', line 79):
	docker run --rm -it \
 
make: *** No rule to make target `all'.  Stop.

	-v "$(CURDIR)":/workspace \
	$(REGISTRY_URL)/${DOCKER_IMAGE_DEVELOPER_TOOLS}:${DOCKER_TAG_VERSION_DEVELOPER_TOOLS} \
	/bin/bash -c 'source /usr/local/bin/task_helper_functions.sh && generate_docs'
	

# Not a target:
.SUFFIXES:
#  Implicit rule search has not been done.
#  Modification time never checked.
#  File has not been updated.

docker_test_cleanup:
#  Phony target (prerequisite of .PHONY).
#  Implicit rule search has not been done.
#  File does not exist.
#  File has not been updated.
#  commands to execute (from `Makefile', line 49):
	docker run --rm -it \
	-e SERVICE_ACCOUNT_JSON \
	-e TF_VAR_org_id \
	-e TF_VAR_folder_id \
	-e TF_VAR_billing_account \
	-v "$(CURDIR)":/workspace \
	$(REGISTRY_URL)/${DOCKER_IMAGE_DEVELOPER_TOOLS}:${DOCKER_TAG_VERSION_DEVELOPER_TOOLS} \
	/usr/local/bin/execute_with_credentials.sh cleanup_environment
	

# Not a target:
Makefile:
#  Implicit rule search has been done.
#  Last modified 2022-08-11 10:06:28
#  File has been updated.
#  Successfully updated.
# variable set hash-table stats:
# Load=0/32=0%, Rehash=0, Collisions=0/0=0%

# Not a target:
.DEFAULT:
#  Implicit rule search has not been done.
#  Modification time never checked.
#  File has not been updated.

docker_run:
#  Phony target (prerequisite of .PHONY).
#  Implicit rule search has not been done.
#  File does not exist.
#  File has not been updated.
#  commands to execute (from `Makefile', line 28):
	docker run --rm -it \
	-e SERVICE_ACCOUNT_JSON \
	-v "$(CURDIR)":/workspace \
	$(REGISTRY_URL)/${DOCKER_IMAGE_DEVELOPER_TOOLS}:${DOCKER_TAG_VERSION_DEVELOPER_TOOLS} \
	/bin/bash
	

generate_docs: docker_generate_docs
#  Phony target (prerequisite of .PHONY).
#  Implicit rule search has not been done.
#  File does not exist.
#  File has not been updated.

docker_test_prepare:
#  Phony target (prerequisite of .PHONY).
#  Implicit rule search has not been done.
#  File does not exist.
#  File has not been updated.
#  commands to execute (from `Makefile', line 37):
	docker run --rm -it \
	-e SERVICE_ACCOUNT_JSON \
	-e TF_VAR_org_id \
	-e TF_VAR_folder_id \
	-e TF_VAR_billing_account \
	-v "$(CURDIR)":/workspace \
	$(REGISTRY_URL)/${DOCKER_IMAGE_DEVELOPER_TOOLS}:${DOCKER_TAG_VERSION_DEVELOPER_TOOLS} \
	/usr/local/bin/execute_with_credentials.sh prepare_environment
	

# files hash-table stats:
# Load=12/1024=1%, Rehash=0, Collisions=3/38=8%
# VPATH Search Paths

# No `vpath' search paths.

# No general (`VPATH' variable) search path.

# # of strings in strcache: 1
# # of strcache buffers: 1
# strcache size: total = 4096 / max = 4096 / min = 4096 / avg = 4096
# strcache free: total = 4087 / max = 4087 / min = 4087 / avg = 4087

# Finished Make data base on Thu Aug 11 13:23:52 2022

 
